{
  "RSpec": {
    "coverage": {
      "/Users/fokcep/Development/maze/config/environment.rb": [
        null,
        1,
        null,
        null,
        1
      ],
      "/Users/fokcep/Development/maze/config/application.rb": [
        1,
        null,
        1,
        null,
        null,
        null,
        1,
        null,
        1,
        1,
        null,
        1,
        1,
        1,
        null,
        null,
        null,
        null,
        null,
        null,
        null,
        null,
        null,
        null,
        null,
        null,
        null,
        null
      ],
      "/Users/fokcep/Development/maze/config/boot.rb": [
        null,
        1,
        null,
        1
      ],
      "/Users/fokcep/Development/maze/config/environments/development.rb": [
        1,
        null,
        null,
        null,
        null,
        null,
        1,
        null,
        null,
        1,
        null,
        null,
        1,
        1,
        null,
        null,
        1,
        null,
        null,
        1,
        null,
        null,
        1,
        null,
        null,
        null,
        null,
        1,
        null,
        null,
        null,
        null,
        1,
        null,
        null,
        null,
        null
      ],
      "/Users/fokcep/Development/maze/config/initializers/assets.rb": [
        null,
        null,
        null,
        1,
        null,
        null,
        null,
        null
      ],
      "/Users/fokcep/Development/maze/config/initializers/backtrace_silencers.rb": [
        null,
        null,
        null,
        null,
        null,
        null,
        null
      ],
      "/Users/fokcep/Development/maze/config/initializers/cookies_serializer.rb": [
        null,
        null,
        1
      ],
      "/Users/fokcep/Development/maze/config/initializers/filter_parameter_logging.rb": [
        null,
        null,
        null,
        1
      ],
      "/Users/fokcep/Development/maze/config/initializers/inflections.rb": [
        null,
        null,
        null,
        null,
        null,
        null,
        null,
        null,
        null,
        null,
        null,
        null,
        null,
        null,
        null,
        null
      ],
      "/Users/fokcep/Development/maze/config/initializers/mime_types.rb": [
        null,
        null,
        null,
        null
      ],
      "/Users/fokcep/Development/maze/config/initializers/session_store.rb": [
        null,
        null,
        1
      ],
      "/Users/fokcep/Development/maze/config/initializers/wrap_parameters.rb": [
        null,
        null,
        null,
        null,
        null,
        null,
        1,
        0,
        null,
        null,
        null,
        null,
        null,
        null
      ],
      "/Users/fokcep/Development/maze/config/routes.rb": [
        1,
        null,
        null,
        null,
        null,
        null,
        null,
        null,
        null,
        null,
        null,
        null,
        null,
        null,
        null,
        null,
        null,
        null,
        null,
        null,
        null,
        null,
        null,
        null,
        null,
        null,
        null,
        null,
        null,
        null,
        null,
        null,
        null,
        null,
        null,
        null,
        null,
        null,
        null,
        null,
        null,
        null,
        null,
        null,
        null,
        null,
        null,
        null,
        null,
        null,
        null,
        null,
        null,
        null,
        null,
        null
      ],
      "/Users/fokcep/Development/maze/spec/classes/backtracking_maze_factory_spec.rb": [
        1,
        null,
        null,
        1,
        3,
        1,
        null,
        1,
        1,
        1,
        1,
        null,
        null,
        1,
        1,
        1,
        1,
        null,
        null,
        null
      ],
      "/Users/fokcep/Development/maze/spec/classes/depth_first_maze_solver_spec.rb": [
        1,
        null,
        1,
        2,
        2,
        null,
        1,
        1,
        1,
        null,
        null,
        null
      ],
      "/Users/fokcep/Development/maze/app/classes/maze/builder/backtracking_maze_factory.rb": [
        1,
        1,
        2,
        null,
        null
      ],
      "/Users/fokcep/Development/maze/app/classes/maze/builder/abstract_maze_factory.rb": [
        1,
        1,
        0,
        null,
        null
      ],
      "/Users/fokcep/Development/maze/app/classes/maze/grid_maze.rb": [
        1,
        null,
        1,
        1,
        1,
        1,
        null,
        1,
        3,
        2,
        2,
        7,
        2,
        null,
        1,
        1,
        1,
        null,
        3,
        3,
        null,
        null,
        1,
        0,
        0,
        0,
        0,
        null,
        0,
        0,
        null,
        null,
        null,
        1,
        4,
        null,
        null,
        1,
        null,
        1,
        21,
        21,
        84,
        84,
        19,
        19,
        19,
        null,
        null,
        null,
        null
      ],
      "/Users/fokcep/Development/maze/app/classes/maze/solver/depth_first_maze_solver.rb": [
        1,
        null,
        1,
        1,
        1,
        null,
        1,
        1,
        1,
        1,
        1,
        1,
        4,
        1,
        1,
        1,
        1,
        null,
        null,
        1,
        9,
        0,
        null,
        9,
        75,
        9,
        16,
        16,
        16,
        16,
        16,
        16,
        null,
        null,
        9,
        0,
        null,
        null,
        null,
        null
      ],
      "/Users/fokcep/Development/maze/app/classes/maze/solver/abstract_maze_solver.rb": [
        1,
        1,
        0,
        null,
        null
      ]
    },
    "timestamp": 1444503796
  }
}
